event="push", match="ref == refs/heads/master && repository.name == testwebhook", exec="ls -l"
Tue May 13 2014 21:29:14 GMT+1000 (EST)
----------------------------------------------------------------------
Stdout:
total 44
-rw-rw-r--  1 rvagg rvagg 4476 May 13 21:28 github-webhook.js
drwxrwxr-x 10 rvagg rvagg 4096 May 13 18:24 node_modules
-rw-rw-r--  1 rvagg rvagg  419 May 13 18:14 package.json
-rw-rw-r--  1 rvagg rvagg  258 May 13 12:07 test.js

----------------------------------------------------------------------
Stderr:

----------------------------------------------------------------------
event="push", match="ref == refs/heads/master && repository.name == testwebhook", exec="ls -l"
Tue May 13 2014 21:30:56 GMT+1000 (EST)
Took 14 ms
----------------------------------------------------------------------
Stdout:
total 56
-rw-rw-r--  1 rvagg rvagg  603 May 13 21:29 foo.log
-rw-rw-r--  1 rvagg rvagg 4589 May 13 21:30 github-webhook.js
drwxrwxr-x 10 rvagg rvagg 4096 May 13 18:24 node_modules
-rw-rw-r--  1 rvagg rvagg  419 May 13 18:14 package.json
-rw-rw-r--  1 rvagg rvagg  258 May 13 12:07 test.js

----------------------------------------------------------------------
Stderr:

----------------------------------------------------------------------
